▲ Next.js 16.2.6 (webpack)
- Local:         http://localhost:3001
- Network:       http://192.168.28.2:3001
✓ Ready in 1118ms
  Skipping creating a lockfile at /data/data/com.termux/files/home/doki-web/.next/dev/lock because we're using WASM bindings
⚠ The "middleware" file convention is deprecated. Please use "proxy" instead. Learn more: https://nextjs.org/docs/messages/middleware-to-proxy

○ Compiling / ...
 GET / 200 in 12.0s (next.js: 9.9s, proxy.ts: 20ms, application-code: 2.1s)
[browser] THREE.Clock: This module has been deprecated. Please use THREE.Timer instead.
[browser] THREE.Clock: This module has been deprecated. Please use THREE.Timer instead.
○ Compiling /docs/[slug] ...
 GET /docs/home 200 in 11.8s (next.js: 11.1s, generate-params: 2.4s, application-code: 757ms)
 GET /docs/home 200 in 463ms (next.js: 103ms, generate-params: 96ms, application-code: 360ms)
 GET /docs/home 200 in 4.4s (next.js: 2.6s, generate-params: 1763ms, application-code: 1774ms)
 GET /api/docs-search 200 in 1839ms (next.js: 1748ms, application-code: 91ms)
 GET /docs/installation 200 in 27ms (next.js: 8ms, generate-params: 122µs, application-code: 19ms)
 GET /docs/installation 200 in 1156ms (next.js: 203ms, generate-params: 101ms, application-code: 953ms)
 GET /docs/installation 200 in 24ms (next.js: 7ms, generate-params: 93µs, application-code: 17ms)
 GET /docs/installation 200 in 300ms (next.js: 7ms, generate-params: 112µs, application-code: 292ms)
 GET /docs/installation 200 in 27ms (next.js: 8ms, generate-params: 113µs, application-code: 20ms)
 GET /docs/installation 200 in 234ms (next.js: 7ms, generate-params: 186µs, application-code: 227ms)
 GET /docs/installation 200 in 462ms (next.js: 7ms, generate-params: 121µs, application-code: 455ms)
 GET /docs/quick-start 200 in 540ms (next.js: 7ms, generate-params: 88µs, application-code: 532ms)
 GET /docs/quick-start 200 in 528ms (next.js: 7ms, generate-params: 85µs, application-code: 521ms)
 GET /docs/quick-start 200 in 362ms (next.js: 125ms, generate-params: 119ms, application-code: 237ms)
[browser] Detected `scroll-behavior: smooth` on the `<html>` element. To disable smooth scrolling during route transitions, add `data-scroll-behavior="smooth"` to your <html> element. Learn more: https://nextjs.org/docs/messages/missing-data-scroll-behavior
 GET /docs/quick-start 200 in 1155ms (next.js: 435ms, generate-params: 124ms, application-code: 720ms)
 GET /docs/quick-start 200 in 1142ms (next.js: 384ms, generate-params: 143ms, application-code: 758ms)
 GET /docs/quick-start 200 in 508ms (next.js: 153ms, generate-params: 143ms, application-code: 355ms)
[?25h
